<?xml version="1.0" encoding="UTF-8"?>
<coverage generated="1663317136681" clover="3.2.0">
  <project timestamp="1663317136681" name="All files">
    <metrics statements="8" coveredstatements="8" conditionals="4" coveredconditionals="4" methods="3" coveredmethods="3" elements="15" coveredelements="15" complexity="0" loc="8" ncloc="8" packages="1" files="2" classes="2"/>
    <file name="filterByTerm.js" path="/home/nata.nael/Documents/GitHub/js-unit-testing/src/filterByTerm.js">
      <metrics statements="6" coveredstatements="6" conditionals="4" coveredconditionals="4" methods="2" coveredmethods="2"/>
      <line num="2" count="7" type="cond" truecount="4" falsecount="0"/>
      <line num="3" count="2" type="stmt"/>
      <line num="5" count="5" type="stmt"/>
      <line num="6" count="5" type="stmt"/>
      <line num="7" count="15" type="stmt"/>
      <line num="11" count="1" type="stmt"/>
    </file>
    <file name="sum.js" path="/home/nata.nael/Documents/GitHub/js-unit-testing/src/sum.js">
      <metrics statements="2" coveredstatements="2" conditionals="0" coveredconditionals="0" methods="1" coveredmethods="1"/>
      <line num="1" count="1" type="stmt"/>
      <line num="2" count="2" type="stmt"/>
    </file>
  </project>
</coverage>
