{"/home/nata.nael/Documents/GitHub/js-unit-testing/src/filterByTerm.js": {"path":"/home/nata.nael/Documents/GitHub/js-unit-testing/src/filterByTerm.js","statementMap":{"0":{"start":{"line":2,"column":4},"end":{"line":4,"column":5}},"1":{"start":{"line":3,"column":7},"end":{"line":3,"column":16}},"2":{"start":{"line":5,"column":18},"end":{"line":5,"column":45}},"3":{"start":{"line":6,"column":4},"end":{"line":8,"column":6}},"4":{"start":{"line":7,"column":8},"end":{"line":7,"column":44}},"5":{"start":{"line":11,"column":0},"end":{"line":11,"column":29}}},"fnMap":{"0":{"name":"filterByTerm","decl":{"start":{"line":1,"column":9},"end":{"line":1,"column":21}},"loc":{"start":{"line":1,"column":44},"end":{"line":9,"column":1}},"line":1},"1":{"name":"(anonymous_1)","decl":{"start":{"line":6,"column":27},"end":{"line":6,"column":28}},"loc":{"start":{"line":6,"column":50},"end":{"line":8,"column":5}},"line":6}},"branchMap":{"0":{"loc":{"start":{"line":2,"column":4},"end":{"line":4,"column":5}},"type":"if","locations":[{"start":{"line":2,"column":4},"end":{"line":4,"column":5}},{"start":{},"end":{}}],"line":2},"1":{"loc":{"start":{"line":2,"column":8},"end":{"line":2,"column":46}},"type":"binary-expr","locations":[{"start":{"line":2,"column":8},"end":{"line":2,"column":25}},{"start":{"line":2,"column":29},"end":{"line":2,"column":33}},{"start":{"line":2,"column":37},"end":{"line":2,"column":46}}],"line":2}},"s":{"0":7,"1":1,"2":6,"3":6,"4":18,"5":1},"f":{"0":7,"1":18},"b":{"0":[1,6],"1":[7,6,6]},"_coverageSchema":"1a1c01bbd47fc00a2c39e90264f33305004495a9","hash":"7c1f311e3bd062d2d371396a18d2fda92dbb03be"}
,"/home/nata.nael/Documents/GitHub/js-unit-testing/src/sum.js": {"path":"/home/nata.nael/Documents/GitHub/js-unit-testing/src/sum.js","statementMap":{"0":{"start":{"line":1,"column":19},"end":{"line":3,"column":1}},"1":{"start":{"line":2,"column":4},"end":{"line":2,"column":25}}},"fnMap":{"0":{"name":"(anonymous_0)","decl":{"start":{"line":1,"column":19},"end":{"line":1,"column":20}},"loc":{"start":{"line":1,"column":38},"end":{"line":3,"column":1}},"line":1}},"branchMap":{},"s":{"0":1,"1":2},"f":{"0":2},"b":{},"_coverageSchema":"1a1c01bbd47fc00a2c39e90264f33305004495a9","hash":"6e7c327fba6d9dd3f075f5ef80692c26f593ead4"}
}
